# JRE version: Java(TM) SE Runtime Environment (8.0_121-b13) (build 1.8.0_121-b13)
# Java VM: Java HotSpot(TM) Client VM (25.121-b13 mixed mode windows-x86 )
Heap:
 def new generation   total 39424K, used 27685K [0x04e00000, 0x078c0000, 0x0f8a0000)
  eden space 35072K,  66% used [0x04e00000, 0x064c94f8, 0x07040000)
  from space 4352K, 100% used [0x07040000, 0x07480000, 0x07480000)
  to   space 4352K,   0% used [0x07480000, 0x07480000, 0x078c0000)
 tenured generation   total 87424K, used 23493K [0x0f8a0000, 0x14e00000, 0x24e00000)
   the space 87424K,  26% used [0x0f8a0000, 0x10f91500, 0x10f91600, 0x14e00000)
 Metaspace       used 19627K, capacity 20187K, committed 20224K, reserved 20864K
GC Heap History (10 events):
Event: 0.536 GC heap before
{Heap before GC invocations=0 (full 0):
 def new generation   total 39296K, used 34666K [0x04e00000, 0x078a0000, 0x0f8a0000)
  eden space 34944K,  99% used [0x04e00000, 0x06fdaa60, 0x07020000)
  from space 4352K,   0% used [0x07020000, 0x07020000, 0x07460000)
  to   space 4352K,   0% used [0x07460000, 0x07460000, 0x078a0000)
 tenured generation   total 87424K, used 0K [0x0f8a0000, 0x14e00000, 0x24e00000)
   the space 87424K,   0% used [0x0f8a0000, 0x0f8a0000, 0x0f8a0200, 0x14e00000)
 Metaspace       used 9831K, capacity 10041K, committed 10112K, reserved 10624K
Event: 0.544 GC heap after
Heap after GC invocations=1 (full 0):
 def new generation   total 39296K, used 4352K [0x04e00000, 0x078a0000, 0x0f8a0000)
  eden space 34944K,   0% used [0x04e00000, 0x04e00000, 0x07020000)
  from space 4352K, 100% used [0x07460000, 0x078a0000, 0x078a0000)
  to   space 4352K,   0% used [0x07020000, 0x07020000, 0x07460000)
 tenured generation   total 87424K, used 3008K [0x0f8a0000, 0x14e00000, 0x24e00000)
   the space 87424K,   3% used [0x0f8a0000, 0x0fb90268, 0x0fb90400, 0x14e00000)
 Metaspace       used 9831K, capacity 10041K, committed 10112K, reserved 10624K
}
Event: 2.160 GC heap before
{Heap before GC invocations=1 (full 0):
 def new generation   total 39296K, used 39296K [0x04e00000, 0x078a0000, 0x0f8a0000)
  eden space 34944K, 100% used [0x04e00000, 0x07020000, 0x07020000)
  from space 4352K, 100% used [0x07460000, 0x078a0000, 0x078a0000)
  to   space 4352K,   0% used [0x07020000, 0x07020000, 0x07460000)
 tenured generation   total 87424K, used 3008K [0x0f8a0000, 0x14e00000, 0x24e00000)
   the space 87424K,   3% used [0x0f8a0000, 0x0fb90268, 0x0fb90400, 0x14e00000)
 Metaspace       used 11225K, capacity 11622K, committed 11648K, reserved 11648K
Event: 2.197 GC heap after
Heap after GC invocations=2 (full 0):
 def new generation   total 39296K, used 4352K [0x04e00000, 0x078a0000, 0x0f8a0000)
  eden space 34944K,   0% used [0x04e00000, 0x04e00000, 0x07020000)
  from space 4352K, 100% used [0x07020000, 0x07460000, 0x07460000)
  to   space 4352K,   0% used [0x07460000, 0x07460000, 0x078a0000)
 tenured generation   total 87424K, used 11347K [0x0f8a0000, 0x14e00000, 0x24e00000)
   the space 87424K,  12% used [0x0f8a0000, 0x103b4c48, 0x103b4e00, 0x14e00000)
 Metaspace       used 11225K, capacity 11622K, committed 11648K, reserved 11648K
}
Event: 17.536 GC heap before
{Heap before GC invocations=2 (full 0):
 def new generation   total 39296K, used 21526K [0x04e00000, 0x078a0000, 0x0f8a0000)
  eden space 34944K,  49% used [0x04e00000, 0x05ec5930, 0x07020000)
  from space 4352K, 100% used [0x07020000, 0x07460000, 0x07460000)
  to   space 4352K,   0% used [0x07460000, 0x07460000, 0x078a0000)
 tenured generation   total 87424K, used 11347K [0x0f8a0000, 0x14e00000, 0x24e00000)
   the space 87424K,  12% used [0x0f8a0000, 0x103b4c48, 0x103b4e00, 0x14e00000)
 Metaspace       used 11859K, capacity 12260K, committed 12288K, reserved 12672K
Event: 17.557 GC heap after
Heap after GC invocations=3 (full 1):
 def new generation   total 39424K, used 0K [0x04e00000, 0x078c0000, 0x0f8a0000)
  eden space 35072K,   0% used [0x04e00000, 0x04e00000, 0x07040000)
  from space 4352K,   0% used [0x07040000, 0x07040000, 0x07480000)
  to   space 4352K,   0% used [0x07480000, 0x07480000, 0x078c0000)
 tenured generation   total 87424K, used 16526K [0x0f8a0000, 0x14e00000, 0x24e00000)
   the space 87424K,  18% used [0x0f8a0000, 0x108c39f8, 0x108c3a00, 0x14e00000)
 Metaspace       used 11859K, capacity 12260K, committed 12288K, reserved 12672K
}
Event: 18.117 GC heap before
{Heap before GC invocations=3 (full 1):
 def new generation   total 39424K, used 35072K [0x04e00000, 0x078c0000, 0x0f8a0000)
  eden space 35072K, 100% used [0x04e00000, 0x07040000, 0x07040000)
  from space 4352K,   0% used [0x07040000, 0x07040000, 0x07480000)
  to   space 4352K,   0% used [0x07480000, 0x07480000, 0x078c0000)
 tenured generation   total 87424K, used 16526K [0x0f8a0000, 0x14e00000, 0x24e00000)
   the space 87424K,  18% used [0x0f8a0000, 0x108c39f8, 0x108c3a00, 0x14e00000)
 Metaspace       used 14502K, capacity 14991K, committed 15104K, reserved 15744K
Event: 18.124 GC heap after
Heap after GC invocations=4 (full 1):
 def new generation   total 39424K, used 4185K [0x04e00000, 0x078c0000, 0x0f8a0000)
  eden space 35072K,   0% used [0x04e00000, 0x04e00000, 0x07040000)
  from space 4352K,  96% used [0x07480000, 0x07896458, 0x078c0000)
  to   space 4352K,   0% used [0x07040000, 0x07040000, 0x07480000)
 tenured generation   total 87424K, used 16526K [0x0f8a0000, 0x14e00000, 0x24e00000)
   the space 87424K,  18% used [0x0f8a0000, 0x108c39f8, 0x108c3a00, 0x14e00000)
 Metaspace       used 14502K, capacity 14991K, committed 15104K, reserved 15744K
}
Event: 48.222 GC heap before
{Heap before GC invocations=4 (full 1):
 def new generation   total 39424K, used 39257K [0x04e00000, 0x078c0000, 0x0f8a0000)
  eden space 35072K, 100% used [0x04e00000, 0x07040000, 0x07040000)
  from space 4352K,  96% used [0x07480000, 0x07896458, 0x078c0000)
  to   space 4352K,   0% used [0x07040000, 0x07040000, 0x07480000)
 tenured generation   total 87424K, used 16526K [0x0f8a0000, 0x14e00000, 0x24e00000)
   the space 87424K,  18% used [0x0f8a0000, 0x108c39f8, 0x108c3a00, 0x14e00000)
 Metaspace       used 18125K, capacity 18675K, committed 18688K, reserved 18816K
Event: 48.257 GC heap after
Heap after GC invocations=5 (full 1):
 def new generation   total 39424K, used 4352K [0x04e00000, 0x078c0000, 0x0f8a0000)
  eden space 35072K,   0% used [0x04e00000, 0x04e00000, 0x07040000)
  from space 4352K, 100% used [0x07040000, 0x07480000, 0x07480000)
  to   space 4352K,   0% used [0x07480000, 0x07480000, 0x078c0000)
 tenured generation   total 87424K, used 23493K [0x0f8a0000, 0x14e00000, 0x24e00000)
   the space 87424K,  26% used [0x0f8a0000, 0x10f91500, 0x10f91600, 0x14e00000)
 Metaspace       used 18125K, capacity 18675K, committed 18688K, reserved 18816K
}

