# JRE version: Java(TM) SE Runtime Environment (8.0_121-b13) (build 1.8.0_121-b13)
# Java VM: Java HotSpot(TM) Client VM (25.121-b13 mixed mode windows-x86 )
Heap:
 def new generation   total 39424K, used 5380K [0x05000000, 0x07ac0000, 0x0faa0000)
  eden space 35072K,  15% used [0x05000000, 0x055412f0, 0x07240000)
  from space 4352K,   0% used [0x07240000, 0x07240000, 0x07680000)
  to   space 4352K,   0% used [0x07680000, 0x07680000, 0x07ac0000)
 tenured generation   total 87424K, used 30080K [0x0faa0000, 0x15000000, 0x25000000)
   the space 87424K,  34% used [0x0faa0000, 0x118001e0, 0x11800200, 0x15000000)
 Metaspace       used 20190K, capacity 20711K, committed 20992K, reserved 21888K
GC Heap History (10 events):
Event: 570.691 GC heap before
{Heap before GC invocations=5 (full 1):
 def new generation   total 39424K, used 39424K [0x05000000, 0x07ac0000, 0x0faa0000)
  eden space 35072K, 100% used [0x05000000, 0x07240000, 0x07240000)
  from space 4352K, 100% used [0x07240000, 0x07680000, 0x07680000)
  to   space 4352K,   0% used [0x07680000, 0x07680000, 0x07ac0000)
 tenured generation   total 87424K, used 21208K [0x0faa0000, 0x15000000, 0x25000000)
   the space 87424K,  24% used [0x0faa0000, 0x10f560f0, 0x10f56200, 0x15000000)
 Metaspace       used 18695K, capacity 19214K, committed 19328K, reserved 19840K
Event: 570.722 GC heap after
Heap after GC invocations=6 (full 1):
 def new generation   total 39424K, used 1316K [0x05000000, 0x07ac0000, 0x0faa0000)
  eden space 35072K,   0% used [0x05000000, 0x05000000, 0x07240000)
  from space 4352K,  30% used [0x07680000, 0x077c92f0, 0x07ac0000)
  to   space 4352K,   0% used [0x07240000, 0x07240000, 0x07680000)
 tenured generation   total 87424K, used 32524K [0x0faa0000, 0x15000000, 0x25000000)
   the space 87424K,  37% used [0x0faa0000, 0x11a632b8, 0x11a63400, 0x15000000)
 Metaspace       used 18695K, capacity 19214K, committed 19328K, reserved 19840K
}
Event: 825.158 GC heap before
{Heap before GC invocations=6 (full 1):
 def new generation   total 39424K, used 36388K [0x05000000, 0x07ac0000, 0x0faa0000)
  eden space 35072K, 100% used [0x05000000, 0x07240000, 0x07240000)
  from space 4352K,  30% used [0x07680000, 0x077c92f0, 0x07ac0000)
  to   space 4352K,   0% used [0x07240000, 0x07240000, 0x07680000)
 tenured generation   total 87424K, used 32524K [0x0faa0000, 0x15000000, 0x25000000)
   the space 87424K,  37% used [0x0faa0000, 0x11a632b8, 0x11a63400, 0x15000000)
 Metaspace       used 18913K, capacity 19438K, committed 19456K, reserved 19840K
Event: 825.166 GC heap after
Heap after GC invocations=7 (full 1):
 def new generation   total 39424K, used 1690K [0x05000000, 0x07ac0000, 0x0faa0000)
  eden space 35072K,   0% used [0x05000000, 0x05000000, 0x07240000)
  from space 4352K,  38% used [0x07240000, 0x073e6b48, 0x07680000)
  to   space 4352K,   0% used [0x07680000, 0x07680000, 0x07ac0000)
 tenured generation   total 87424K, used 32524K [0x0faa0000, 0x15000000, 0x25000000)
   the space 87424K,  37% used [0x0faa0000, 0x11a632b8, 0x11a63400, 0x15000000)
 Metaspace       used 18913K, capacity 19438K, committed 19456K, reserved 19840K
}
Event: 1024.555 GC heap before
{Heap before GC invocations=7 (full 1):
 def new generation   total 39424K, used 36762K [0x05000000, 0x07ac0000, 0x0faa0000)
  eden space 35072K, 100% used [0x05000000, 0x07240000, 0x07240000)
  from space 4352K,  38% used [0x07240000, 0x073e6b48, 0x07680000)
  to   space 4352K,   0% used [0x07680000, 0x07680000, 0x07ac0000)
 tenured generation   total 87424K, used 32524K [0x0faa0000, 0x15000000, 0x25000000)
   the space 87424K,  37% used [0x0faa0000, 0x11a632b8, 0x11a63400, 0x15000000)
 Metaspace       used 19007K, capacity 19537K, committed 19584K, reserved 19840K
Event: 1024.563 GC heap after
Heap after GC invocations=8 (full 1):
 def new generation   total 39424K, used 1637K [0x05000000, 0x07ac0000, 0x0faa0000)
  eden space 35072K,   0% used [0x05000000, 0x05000000, 0x07240000)
  from space 4352K,  37% used [0x07680000, 0x078196b0, 0x07ac0000)
  to   space 4352K,   0% used [0x07240000, 0x07240000, 0x07680000)
 tenured generation   total 87424K, used 32524K [0x0faa0000, 0x15000000, 0x25000000)
   the space 87424K,  37% used [0x0faa0000, 0x11a632b8, 0x11a63400, 0x15000000)
 Metaspace       used 19007K, capacity 19537K, committed 19584K, reserved 19840K
}
Event: 1062.368 GC heap before
{Heap before GC invocations=8 (full 1):
 def new generation   total 39424K, used 36709K [0x05000000, 0x07ac0000, 0x0faa0000)
  eden space 35072K, 100% used [0x05000000, 0x07240000, 0x07240000)
  from space 4352K,  37% used [0x07680000, 0x078196b0, 0x07ac0000)
  to   space 4352K,   0% used [0x07240000, 0x07240000, 0x07680000)
 tenured generation   total 87424K, used 32524K [0x0faa0000, 0x15000000, 0x25000000)
   the space 87424K,  37% used [0x0faa0000, 0x11a632b8, 0x11a63400, 0x15000000)
 Metaspace       used 19049K, capacity 19571K, committed 19584K, reserved 19840K
Event: 1062.378 GC heap after
Heap after GC invocations=9 (full 1):
 def new generation   total 39424K, used 2634K [0x05000000, 0x07ac0000, 0x0faa0000)
  eden space 35072K,   0% used [0x05000000, 0x05000000, 0x07240000)
  from space 4352K,  60% used [0x07240000, 0x074d2b18, 0x07680000)
  to   space 4352K,   0% used [0x07680000, 0x07680000, 0x07ac0000)
 tenured generation   total 87424K, used 32524K [0x0faa0000, 0x15000000, 0x25000000)
   the space 87424K,  37% used [0x0faa0000, 0x11a632b8, 0x11a63400, 0x15000000)
 Metaspace       used 19049K, capacity 19571K, committed 19584K, reserved 19840K
}
Event: 1066.251 GC heap before
{Heap before GC invocations=9 (full 1):
 def new generation   total 39424K, used 7417K [0x05000000, 0x07ac0000, 0x0faa0000)
  eden space 35072K,  13% used [0x05000000, 0x054ab9a8, 0x07240000)
  from space 4352K,  60% used [0x07240000, 0x074d2b18, 0x07680000)
  to   space 4352K,   0% used [0x07680000, 0x07680000, 0x07ac0000)
 tenured generation   total 87424K, used 32524K [0x0faa0000, 0x15000000, 0x25000000)
   the space 87424K,  37% used [0x0faa0000, 0x11a632b8, 0x11a63400, 0x15000000)
 Metaspace       used 19914K, capacity 20445K, committed 20480K, reserved 20864K
Event: 1066.294 GC heap after
Heap after GC invocations=10 (full 2):
 def new generation   total 39424K, used 0K [0x05000000, 0x07ac0000, 0x0faa0000)
  eden space 35072K,   0% used [0x05000000, 0x05000000, 0x07240000)
  from space 4352K,   0% used [0x07240000, 0x07240000, 0x07680000)
  to   space 4352K,   0% used [0x07680000, 0x07680000, 0x07ac0000)
 tenured generation   total 87424K, used 30080K [0x0faa0000, 0x15000000, 0x25000000)
   the space 87424K,  34% used [0x0faa0000, 0x118001e0, 0x11800200, 0x15000000)
 Metaspace       used 19767K, capacity 20255K, committed 20480K, reserved 20864K
}

