# JRE version: Java(TM) SE Runtime Environment (8.0_40-b26) (build 1.8.0_40-b26)
# Java VM: Java HotSpot(TM) Client VM (25.40-b25 mixed mode windows-x86 )
Heap:
 def new generation   total 8128K, used 1467K [0x04c00000, 0x054d0000, 0x0a150000)
  eden space 7232K,  11% used [0x04c00000, 0x04cd0ef8, 0x05310000)
  from space 896K,  70% used [0x05310000, 0x053adf40, 0x053f0000)
  to   space 896K,   0% used [0x053f0000, 0x053f0000, 0x054d0000)
 tenured generation   total 17908K, used 13047K [0x0a150000, 0x0b2cd000, 0x14c00000)
   the space 17908K,  72% used [0x0a150000, 0x0ae0de90, 0x0ae0e000, 0x0b2cd000)
 Metaspace       used 18509K, capacity 18817K, committed 18944K, reserved 19840K
GC Heap History (10 events):
Event: 6.074 GC heap before
{Heap before GC invocations=11 (full 1):
 def new generation   total 4992K, used 4923K [0x04c00000, 0x05160000, 0x0a150000)
  eden space 4480K,  99% used [0x04c00000, 0x05057850, 0x05060000)
  from space 512K,  93% used [0x050e0000, 0x051573d8, 0x05160000)
  to   space 512K,   0% used [0x05060000, 0x05060000, 0x050e0000)
 tenured generation   total 10944K, used 9332K [0x0a150000, 0x0ac00000, 0x14c00000)
   the space 10944K,  85% used [0x0a150000, 0x0aa6d070, 0x0aa6d200, 0x0ac00000)
 Metaspace       used 16766K, capacity 17077K, committed 17152K, reserved 17792K
Event: 6.077 GC heap after
Heap after GC invocations=12 (full 1):
 def new generation   total 4992K, used 511K [0x04c00000, 0x05160000, 0x0a150000)
  eden space 4480K,   0% used [0x04c00000, 0x04c00000, 0x05060000)
  from space 512K,  99% used [0x05060000, 0x050dffd8, 0x050e0000)
  to   space 512K,   0% used [0x050e0000, 0x050e0000, 0x05160000)
 tenured generation   total 10944K, used 9637K [0x0a150000, 0x0ac00000, 0x14c00000)
   the space 10944K,  88% used [0x0a150000, 0x0aab96a8, 0x0aab9800, 0x0ac00000)
 Metaspace       used 16766K, capacity 17077K, committed 17152K, reserved 17792K
}
Event: 6.137 GC heap before
{Heap before GC invocations=12 (full 1):
 def new generation   total 4992K, used 4801K [0x04c00000, 0x05160000, 0x0a150000)
  eden space 4480K,  95% used [0x04c00000, 0x05030820, 0x05060000)
  from space 512K,  99% used [0x05060000, 0x050dffd8, 0x050e0000)
  to   space 512K,   0% used [0x050e0000, 0x050e0000, 0x05160000)
 tenured generation   total 10944K, used 9637K [0x0a150000, 0x0ac00000, 0x14c00000)
   the space 10944K,  88% used [0x0a150000, 0x0aab96a8, 0x0aab9800, 0x0ac00000)
 Metaspace       used 17636K, capacity 17909K, committed 18048K, reserved 18816K
Event: 6.140 GC heap after
Heap after GC invocations=13 (full 1):
 def new generation   total 4992K, used 512K [0x04c00000, 0x05160000, 0x0a150000)
  eden space 4480K,   0% used [0x04c00000, 0x04c00000, 0x05060000)
  from space 512K, 100% used [0x050e0000, 0x05160000, 0x05160000)
  to   space 512K,   0% used [0x05060000, 0x05060000, 0x050e0000)
 tenured generation   total 10944K, used 10396K [0x0a150000, 0x0ac00000, 0x14c00000)
   the space 10944K,  94% used [0x0a150000, 0x0ab770a0, 0x0ab77200, 0x0ac00000)
 Metaspace       used 17636K, capacity 17909K, committed 18048K, reserved 18816K
}
Event: 6.151 GC heap before
{Heap before GC invocations=13 (full 1):
 def new generation   total 4992K, used 4992K [0x04c00000, 0x05160000, 0x0a150000)
  eden space 4480K, 100% used [0x04c00000, 0x05060000, 0x05060000)
  from space 512K, 100% used [0x050e0000, 0x05160000, 0x05160000)
  to   space 512K,   0% used [0x05060000, 0x05060000, 0x050e0000)
 tenured generation   total 10944K, used 10396K [0x0a150000, 0x0ac00000, 0x14c00000)
   the space 10944K,  94% used [0x0a150000, 0x0ab770a0, 0x0ab77200, 0x0ac00000)
 Metaspace       used 17638K, capacity 17909K, committed 18048K, reserved 18816K
Event: 6.176 GC heap after
Heap after GC invocations=14 (full 2):
 def new generation   total 8128K, used 0K [0x04c00000, 0x054d0000, 0x0a150000)
  eden space 7232K,   0% used [0x04c00000, 0x04c00000, 0x05310000)
  from space 896K,   0% used [0x05310000, 0x05310000, 0x053f0000)
  to   space 896K,   0% used [0x053f0000, 0x053f0000, 0x054d0000)
 tenured generation   total 17908K, used 10743K [0x0a150000, 0x0b2cd000, 0x14c00000)
   the space 17908K,  59% used [0x0a150000, 0x0abcdc68, 0x0abcde00, 0x0b2cd000)
 Metaspace       used 17638K, capacity 17909K, committed 18048K, reserved 18816K
}
Event: 7.215 GC heap before
{Heap before GC invocations=14 (full 2):
 def new generation   total 8128K, used 7232K [0x04c00000, 0x054d0000, 0x0a150000)
  eden space 7232K, 100% used [0x04c00000, 0x05310000, 0x05310000)
  from space 896K,   0% used [0x05310000, 0x05310000, 0x053f0000)
  to   space 896K,   0% used [0x053f0000, 0x053f0000, 0x054d0000)
 tenured generation   total 17908K, used 10743K [0x0a150000, 0x0b2cd000, 0x14c00000)
   the space 17908K,  59% used [0x0a150000, 0x0abcdc68, 0x0abcde00, 0x0b2cd000)
 Metaspace       used 18046K, capacity 18357K, committed 18432K, reserved 18816K
Event: 7.222 GC heap after
Heap after GC invocations=15 (full 2):
 def new generation   total 8128K, used 896K [0x04c00000, 0x054d0000, 0x0a150000)
  eden space 7232K,   0% used [0x04c00000, 0x04c00000, 0x05310000)
  from space 896K, 100% used [0x053f0000, 0x054d0000, 0x054d0000)
  to   space 896K,   0% used [0x05310000, 0x05310000, 0x053f0000)
 tenured generation   total 17908K, used 12189K [0x0a150000, 0x0b2cd000, 0x14c00000)
   the space 17908K,  68% used [0x0a150000, 0x0ad37460, 0x0ad37600, 0x0b2cd000)
 Metaspace       used 18046K, capacity 18357K, committed 18432K, reserved 18816K
}
Event: 21.661 GC heap before
{Heap before GC invocations=15 (full 2):
 def new generation   total 8128K, used 8126K [0x04c00000, 0x054d0000, 0x0a150000)
  eden space 7232K,  99% used [0x04c00000, 0x0530fba0, 0x05310000)
  from space 896K, 100% used [0x053f0000, 0x054d0000, 0x054d0000)
  to   space 896K,   0% used [0x05310000, 0x05310000, 0x053f0000)
 tenured generation   total 17908K, used 12189K [0x0a150000, 0x0b2cd000, 0x14c00000)
   the space 17908K,  68% used [0x0a150000, 0x0ad37460, 0x0ad37600, 0x0b2cd000)
 Metaspace       used 18259K, capacity 18583K, committed 18688K, reserved 18816K
Event: 21.664 GC heap after
Heap after GC invocations=16 (full 2):
 def new generation   total 8128K, used 631K [0x04c00000, 0x054d0000, 0x0a150000)
  eden space 7232K,   0% used [0x04c00000, 0x04c00000, 0x05310000)
  from space 896K,  70% used [0x05310000, 0x053adf40, 0x053f0000)
  to   space 896K,   0% used [0x053f0000, 0x053f0000, 0x054d0000)
 tenured generation   total 17908K, used 13047K [0x0a150000, 0x0b2cd000, 0x14c00000)
   the space 17908K,  72% used [0x0a150000, 0x0ae0de90, 0x0ae0e000, 0x0b2cd000)
 Metaspace       used 18259K, capacity 18583K, committed 18688K, reserved 18816K
}

